[15508:15508:1201/105748.623582:WARNING:sandbox_linux.cc(380)] InitializeSandbox() called with multiple threads in process gpu-process.
[15463:15463:1201/105748.670296:WARNING:bluez_dbus_manager.cc(247)] Floss manager not present, cannot set Floss enable/disable.
[15463:15463:1201/105749.163105:WARNING:CONSOLE(1)] "Unrecognized feature: '
'.", source: chrome://resources/polymer/v3_0/polymer/polymer_bundled.min.js (1)
[15508:15508:1201/105756.649842:ERROR:gl_surface_presentation_helper.cc(260)] GetVSyncParametersIfAvailable() failed for 1 times!
[15463:15463:1201/105803.741173:INFO:CONSOLE(5)] "Uncaught TypeError: Cannot read properties of undefined (reading 'off')", source: https://sso.accounts.dowjones.com/one_identity_login_pages/login/de6501540e7a0cd802b500e010014e3c/js/app-min.js (5)
[15463:15463:1201/105813.297537:INFO:CONSOLE(5)] "Uncaught TypeError: Cannot read properties of undefined (reading 'off')", source: https://sso.accounts.dowjones.com/one_identity_login_pages/login/de6501540e7a0cd802b500e010014e3c/js/app-min.js (5)
[15463:15463:1201/105813.946910:INFO:CONSOLE(24)] "vidora-client 1.2.7 70defd4dcf46f60d01ad6075900d8e0381a4299b", source: https://video-api.wsj.com/api-video/player/v3/js/video.min.js (24)
[15463:15463:1201/105813.946989:INFO:CONSOLE(24)] "Vidora API finished initializing!", source: https://video-api.wsj.com/api-video/player/v3/js/video.min.js (24)
[15463:15463:1201/105815.129685:INFO:CONSOLE(9)] "%cWarning: a promise was rejected with a non-error: [object String]
    at I (https://vir.wsj.net/fp/assets/webpack4/vendors.dd8538115f9177.js:9:27105)
    at n._warn (https://vir.wsj.net/fp/assets/webpack4/vendors.dd8538115f9177.js:9:21810)
    at S._rejectCallback (https://vir.wsj.net/fp/assets/webpack4/vendors.dd8538115f9177.js:9:56428)
    at S.reject.S.rejected (https://vir.wsj.net/fp/assets/webpack4/vendors.dd8538115f9177.js:9:52180)
From previous event:
    at S.R [as _captureStackTrace] (https://vir.wsj.net/fp/assets/webpack4/vendors.dd8538115f9177.js:9:26745)
    at S._then (https://vir.wsj.net/fp/assets/webpack4/vendors.dd8538115f9177.js:9:52476)
    at S.then (https://vir.wsj.net/fp/assets/webpack4/vendors.dd8538115f9177.js:9:50832)
    at Object.ReactAppRenderer (https://vir.wsj.net/fp/assets/webpack4/main.571a1159f2f282.js:42:350923)
    at t (https://vir.wsj.net/fp/assets/webpack4/main.571a1159f2f282.js:12:13866) color: darkorange", source: https://vir.wsj.net/fp/assets/webpack4/vendors.dd8538115f9177.js (9)
[15463:15463:1201/105815.155352:INFO:CONSOLE(9)] "%cWarning: a promise was rejected with a non-error: [object String]
    at I (https://vir.wsj.net/fp/assets/webpack4/vendors.dd8538115f9177.js:9:27105)
    at n._warn (https://vir.wsj.net/fp/assets/webpack4/vendors.dd8538115f9177.js:9:21810)
    at S._rejectCallback (https://vir.wsj.net/fp/assets/webpack4/vendors.dd8538115f9177.js:9:56428)
    at S.reject.S.rejected (https://vir.wsj.net/fp/assets/webpack4/vendors.dd8538115f9177.js:9:52180)
From previous event:
    at S.R [as _captureStackTrace] (https://vir.wsj.net/fp/assets/webpack4/vendors.dd8538115f9177.js:9:26745)
    at S._then (https://vir.wsj.net/fp/assets/webpack4/vendors.dd8538115f9177.js:9:52476)
    at S.then (https://vir.wsj.net/fp/assets/webpack4/vendors.dd8538115f9177.js:9:50832)
    at Object.ReactAppRenderer (https://vir.wsj.net/fp/assets/webpack4/main.571a1159f2f282.js:42:350923)
    at t (https://vir.wsj.net/fp/assets/webpack4/main.571a1159f2f282.js:12:13866) color: darkorange", source: https://vir.wsj.net/fp/assets/webpack4/vendors.dd8538115f9177.js (9)
[15463:15463:1201/105815.761033:INFO:CONSOLE(1)] "Messaging without detection successfully executed.", source: https://cdn.privacy-mgmt.com/unified/wrapperMessagingWithoutDetection.js (1)
[15463:15463:1201/105815.786340:INFO:CONSOLE(1)] "interaction complete", source: https://cdn.privacy-mgmt.com/unified/wrapperMessagingWithoutDetection.js (1)
[15463:15463:1201/105819.595554:INFO:CONSOLE(39)] "v 3.49.31", source: https://video-api.wsj.com/api-video/player/v3/js/video.min.js (39)
[15463:15463:1201/105819.705006:INFO:CONSOLE(9)] "%cWarning: a promise was rejected with a non-error: [object String]
    at I (https://vir.wsj.net/fp/assets/webpack4/vendors.dd8538115f9177.js:9:27105)
    at n._warn (https://vir.wsj.net/fp/assets/webpack4/vendors.dd8538115f9177.js:9:21810)
    at S._rejectCallback (https://vir.wsj.net/fp/assets/webpack4/vendors.dd8538115f9177.js:9:56428)
    at S.reject.S.rejected (https://vir.wsj.net/fp/assets/webpack4/vendors.dd8538115f9177.js:9:52180)
From previous event:
    at S.R [as _captureStackTrace] (https://vir.wsj.net/fp/assets/webpack4/vendors.dd8538115f9177.js:9:26745)
    at S._then (https://vir.wsj.net/fp/assets/webpack4/vendors.dd8538115f9177.js:9:52476)
    at S.then (https://vir.wsj.net/fp/assets/webpack4/vendors.dd8538115f9177.js:9:50832)
    at https://vir.wsj.net/fp/assets/webpack4/main.571a1159f2f282.js:42:298557
    at https://vir.wsj.net/fp/assets/webpack4/vendors.dd8538115f9177.js:99:3257
    at Object._setContext (https://vir.wsj.net/fp/assets/webpack4/vendors.dd8538115f9177.js:9:93480)
    at t._setContext.i.setContext (https://vir.wsj.net/fp/assets/webpack4/275181c7-8620-4df3-a008-d0cd9937db22.c6bbb3e13d7fb3.js:1:19254)
    at c.setBreakpoint (https://vir.wsj.net/fp/assets/webpack4/c8882c9c-15d3-4d1f-9b0e-81b6f321365d.ecde3f20f24cfc.js:1:2812)
    at c.componentDidMount (https://vir.wsj.net/fp/assets/webpack4/c8882c9c-15d3-4d1f-9b0e-81b6f321365d.ecde3f20f24cfc.js:1:3010)
    at os (https://vir.wsj.net/fp/assets/webpack4/vendors.dd8538115f9177.js:120:83382)
    at pu (https://vir.wsj.net/fp/assets/webpack4/vendors.dd8538115f9177.js:120:101256)
    at e.unstable_runWithPriority (https://vir.wsj.net/fp/assets/webpack4/main.571a1159f2f282.js:9:3844)
    at zi (https://vir.wsj.net/fp/assets/webpack4/vendors.dd8538115f9177.js:120:45034)
    at fu (https://vir.wsj.net/fp/assets/webpack4/vendors.dd8538115f9177.js:120:97728)
    at Zs (https://vir.wsj.net/fp/assets/webpack4/vendors.dd8538115f9177.js:120:93882)
    at Js (https://vir.wsj.net/fp/assets/webpack4/vendors.dd8538115f9177.js:120:90447)
    at Fu (https://vir.wsj.net/fp/assets/webpack4/vendors.dd8538115f9177.js:120:111895)
    at https://vir.wsj.net/fp/assets/webpack4/vendors.dd8538115f9177.js:120:113138
    at tu (https://vir.wsj.net/fp/assets/webpack4/vendors.dd8538115f9177.js:120:94030)
    at zu (https://vir.wsj.net/fp/assets/webpack4/vendors.dd8538115f9177.js:120:113123)
    at t.hydrate (https://vir.wsj.net/fp/assets/webpack4/vendors.dd8538115f9177.js:120:116023)
    at https://vir.wsj.net/fp/assets/webpack4/main.571a1159f2f282.js:12:14042 color: darkorange", source: https://vir.wsj.net/fp/assets/webpack4/vendors.dd8538115f9177.js (9)
[15463:15463:1201/105819.707419:INFO:CONSOLE(9)] "%cWarning: a promise was rejected with a non-error: [object String]
    at I (https://vir.wsj.net/fp/assets/webpack4/vendors.dd8538115f9177.js:9:27105)
    at n._warn (https://vir.wsj.net/fp/assets/webpack4/vendors.dd8538115f9177.js:9:21810)
    at S._rejectCallback (https://vir.wsj.net/fp/assets/webpack4/vendors.dd8538115f9177.js:9:56428)
    at S.reject.S.rejected (https://vir.wsj.net/fp/assets/webpack4/vendors.dd8538115f9177.js:9:52180)
From previous event:
    at S.R [as _captureStackTrace] (https://vir.wsj.net/fp/assets/webpack4/vendors.dd8538115f9177.js:9:26745)
    at S._then (https://vir.wsj.net/fp/assets/webpack4/vendors.dd8538115f9177.js:9:52476)
    at S.then (https://vir.wsj.net/fp/assets/webpack4/vendors.dd8538115f9177.js:9:50832)
    at https://vir.wsj.net/fp/assets/webpack4/main.571a1159f2f282.js:42:298557
    at https://vir.wsj.net/fp/assets/webpack4/vendors.dd8538115f9177.js:99:3257
    at Object._setContext (https://vir.wsj.net/fp/assets/webpack4/vendors.dd8538115f9177.js:9:93480)
    at t._setContext.i.setContext (https://vir.wsj.net/fp/assets/webpack4/275181c7-8620-4df3-a008-d0cd9937db22.c6bbb3e13d7fb3.js:1:19254)
    at c.setBreakpoint (https://vir.wsj.net/fp/assets/webpack4/c8882c9c-15d3-4d1f-9b0e-81b6f321365d.ecde3f20f24cfc.js:1:2812)
    at c.componentDidMount (https://vir.wsj.net/fp/assets/webpack4/c8882c9c-15d3-4d1f-9b0e-81b6f321365d.ecde3f20f24cfc.js:1:3010)
    at os (https://vir.wsj.net/fp/assets/webpack4/vendors.dd8538115f9177.js:120:83382)
    at pu (https://vir.wsj.net/fp/assets/webpack4/vendors.dd8538115f9177.js:120:101256)
    at e.unstable_runWithPriority (https://vir.wsj.net/fp/assets/webpack4/main.571a1159f2f282.js:9:3844)
    at zi (https://vir.wsj.net/fp/assets/webpack4/vendors.dd8538115f9177.js:120:45034)
    at fu (https://vir.wsj.net/fp/assets/webpack4/vendors.dd8538115f9177.js:120:97728)
    at Zs (https://vir.wsj.net/fp/assets/webpack4/vendors.dd8538115f9177.js:120:93882)
    at Js (https://vir.wsj.net/fp/assets/webpack4/vendors.dd8538115f9177.js:120:90447)
    at Fu (https://vir.wsj.net/fp/assets/webpack4/vendors.dd8538115f9177.js:120:111895)
    at https://vir.wsj.net/fp/assets/webpack4/vendors.dd8538115f9177.js:120:113138
    at tu (https://vir.wsj.net/fp/assets/webpack4/vendors.dd8538115f9177.js:120:94030)
    at zu (https://vir.wsj.net/fp/assets/webpack4/vendors.dd8538115f9177.js:120:113123)
    at t.hydrate (https://vir.wsj.net/fp/assets/webpack4/vendors.dd8538115f9177.js:120:116023)
    at https://vir.wsj.net/fp/assets/webpack4/main.571a1159f2f282.js:12:14042 color: darkorange", source: https://vir.wsj.net/fp/assets/webpack4/vendors.dd8538115f9177.js (9)
[15463:15463:1201/105820.634202:INFO:CONSOLE(95)] "Animation Duration: 5.5s", source: https://s0.2mdn.net/sadbundle/11315573406114355427/index.html (95)
[15463:15463:1201/105822.906306:INFO:CONSOLE(20)] "[cx] User Name:  [object HTMLSpanElement] Riddhi", source:  (20)
[15463:15463:1201/105822.907163:INFO:CONSOLE(23)] "[cx] User Name:  [object HTMLSpanElement] Riddhi Hi Riddhi, ", source:  (23)
[15463:15463:1201/105822.907842:INFO:CONSOLE(38)] "230", source:  (38)
[15463:15463:1201/105822.908269:INFO:CONSOLE(40)] "230", source:  (40)
[15463:15463:1201/105823.228802:INFO:CONSOLE(20)] "[cx] User Name:  [object HTMLSpanElement] Riddhi", source:  (20)
[15463:15463:1201/105823.228984:INFO:CONSOLE(23)] "[cx] User Name:  [object HTMLSpanElement] Riddhi Hi Riddhi, ", source:  (23)
[15463:15463:1201/105823.230082:INFO:CONSOLE(38)] "230", source:  (38)
[15463:15463:1201/105823.230246:INFO:CONSOLE(40)] "230", source:  (40)
[15463:15463:1201/105823.284726:INFO:CONSOLE(24)] "Error, missing Report Suite ID in AppMeasurement initialization", source: https://video-api.wsj.com/api-video/player/v3/js/video.min.js (24)
[15463:15463:1201/105823.719939:INFO:CONSOLE(20)] "[cx] User Name:  [object HTMLSpanElement] Riddhi", source:  (20)
[15463:15463:1201/105823.720394:INFO:CONSOLE(23)] "[cx] User Name:  [object HTMLSpanElement] Riddhi Hi Riddhi, ", source:  (23)
[15463:15463:1201/105823.720865:INFO:CONSOLE(38)] "230", source:  (38)
[15463:15463:1201/105823.722132:INFO:CONSOLE(40)] "230", source:  (40)
[15463:15463:1201/105824.207631:INFO:CONSOLE(100)] "Unrecognized feature: 'attribution-reporting'.", source: https://www.googletagservices.com/dcm/impl_v92.js (100)
[15463:15463:1201/105826.192523:INFO:CONSOLE(95)] "Animation Duration: 6.5s", source: https://s0.2mdn.net/sadbundle/6184559558481852567/index.html (95)
[15463:15463:1201/105829.459027:WARNING:pref_notifier_impl.cc(41)] Pref observer for media_router.cast_allow_all_ips found at shutdown.
